
> frontend-web@0.1.0 dev /home/sunkus711/Project/workspace/My/MyWebTemplate/frontend-web
> next dev --turbopack --port 3000

   ▲ Next.js 15.5.2 (Turbopack)
   - Local:        http://localhost:3000
   - Network:      http://10.255.255.254:3000

 ✓ Starting...
 ✓ Compiled middleware in 231ms
 ✓ Ready in 1575ms
 ○ Compiling /login ...
 ✓ Compiled /login in 4.4s
 GET /login 200 in 5302ms
 ✓ Compiled /_not-found/page in 394ms
 GET /_next/internal/helpers.ts 404 in 583ms
 ✓ Compiled /favicon.ico in 433ms
 GET /favicon.ico?favicon.0b3bf435.ico 200 in 826ms
 GET /api/bff/api/v1/auth/me 401 in 2055ms
 POST /api/bff/api/v1/auth/refresh 401 in 355ms
 GET /api/bff/api/v1/auth/me 401 in 292ms
 POST /api/bff/api/v1/auth/refresh 401 in 261ms
 GET /api/bff/api/v1/auth/me 401 in 290ms
 POST /api/bff/api/v1/auth/refresh 401 in 255ms
 GET /api/bff/api/v1/auth/me 401 in 317ms
 POST /api/bff/api/v1/auth/refresh 401 in 273ms
 GET /api/bff/api/v1/auth/me 401 in 300ms
 POST /api/bff/api/v1/auth/refresh 401 in 263ms
 GET /api/bff/api/v1/auth/me 401 in 299ms
 POST /api/bff/api/v1/auth/refresh 401 in 261ms
 GET /api/bff/api/v1/auth/me 401 in 312ms
 POST /api/bff/api/v1/auth/refresh 401 in 263ms
 GET /api/bff/api/v1/auth/me 401 in 292ms
 POST /api/bff/api/v1/auth/refresh 401 in 288ms
 GET /api/bff/api/v1/auth/me 401 in 288ms
 POST /api/bff/api/v1/auth/refresh 401 in 275ms
 GET /api/bff/api/v1/auth/me 401 in 292ms
 POST /api/bff/api/v1/auth/refresh 401 in 263ms
 GET /api/bff/api/v1/auth/me 401 in 312ms
 POST /api/bff/api/v1/auth/refresh 401 in 262ms
 POST /api/bff/api/v1/auth/login 200 in 512ms
 GET /api/bff/api/v1/auth/me 200 in 260ms
 GET /login 200 in 248ms
 GET /_next/internal/helpers.ts 404 in 127ms
 GET /api/bff/api/v1/auth/me 200 in 345ms
 GET /login 200 in 284ms
 GET /_next/internal/helpers.ts 404 in 135ms
 GET /api/bff/api/v1/auth/me 200 in 417ms
 GET /login 200 in 278ms
 GET /_next/internal/helpers.ts 404 in 97ms
 GET /api/bff/api/v1/auth/me 200 in 340ms
 GET /login 200 in 242ms
 GET /api/bff/api/v1/auth/me 200 in 351ms
 GET /login 200 in 285ms
 GET /_next/internal/helpers.ts 404 in 290ms
 GET /_next/internal/helpers.ts 404 in 146ms
 GET /api/bff/api/v1/auth/me 200 in 363ms
 GET /login 200 in 351ms
 GET /_next/internal/helpers.ts 404 in 307ms
 GET /api/bff/api/v1/auth/me 200 in 349ms
 GET /login 200 in 347ms
 ✓ Compiled in 128ms
 ✓ Compiled /login in 59ms
 GET /login 200 in 1308ms
 ✓ Compiled in 525ms
 ○ Compiling /component ...
 ✓ Compiled /component in 5s
 GET /component 200 in 7342ms
 ✓ Compiled in 115ms
 ✓ Compiled /_not-found/page in 37ms
 GET /not-exists.pdf 404 in 594ms
 ✓ Compiled in 178ms
 ✓ Compiled in 182ms
 ✓ Compiled /component in 176ms
 GET /component 200 in 347ms
 ✓ Compiled in 155ms
 ✓ Compiled in 147ms
 ✓ Compiled in 150ms
 ✓ Compiled in 155ms
 ✓ Compiled in 145ms
 ✓ Compiled in 152ms
 GET /component 200 in 1372ms
 GET /favicon.ico?favicon.0b3bf435.ico 200 in 285ms
 GET /favicon.ico?favicon.0b3bf435.ico 200 in 315ms
 ✓ Compiled in 489ms
 GET /component?page=1 200 in 1793ms
 GET /favicon.ico?favicon.0b3bf435.ico 200 in 257ms
 ✓ Compiled in 148ms
 ✓ Compiled in 152ms
 GET /component?page=1 500 in 1293ms
 GET /favicon.ico 200 in 297ms
 ✓ Compiled in 169ms
 GET /component?page=1 200 in 1517ms
 GET /favicon.ico?favicon.0b3bf435.ico 200 in 261ms
 ✓ Compiled in 166ms
 ✓ Compiled in 167ms
 ✓ Compiled in 169ms
 ✓ Compiled in 150ms
 ✓ Compiled in 159ms
 ✓ Compiled in 161ms
 ✓ Compiled in 169ms
 ✓ Compiled in 154ms
 ✓ Compiled in 163ms
 ✓ Compiled in 155ms
 ✓ Compiled in 144ms
 ✓ Compiled in 153ms
 ✓ Compiled in 144ms
 ✓ Compiled in 117ms
 ✓ Compiled middleware in 2ms
 GET /component?page=1 200 in 206ms
 GET /component?page=1 200 in 267ms
 ✓ Compiled in 113ms
 ✓ Compiled /login in 31ms
 GET /login 200 in 737ms
 GET /api/bff/api/v1/auth/me 401 in 452ms
 POST /api/bff/api/v1/auth/refresh 200 in 286ms
 GET /api/bff/api/v1/auth/me 200 in 308ms
 GET /login 200 in 254ms
 GET /api/bff/api/v1/auth/me 200 in 328ms
 GET /login 200 in 249ms
 GET /api/bff/api/v1/auth/me 200 in 326ms
 GET /login 200 in 251ms
 GET /api/bff/api/v1/auth/me 200 in 321ms
 GET /login 200 in 261ms
 GET /api/bff/api/v1/auth/me 200 in 338ms
 GET /login 200 in 273ms
 GET /api/bff/api/v1/auth/me 200 in 346ms
 GET /login 200 in 236ms
 GET /api/bff/api/v1/auth/me 200 in 338ms
 GET /login 200 in 254ms
 GET /api/bff/api/v1/auth/me 200 in 329ms
 GET /component?page=1 200 in 154ms
 GET /component?page=1 200 in 652ms
 GET /component?page=1 200 in 554ms
 GET /login 200 in 707ms
 GET /api/bff/api/v1/auth/me 200 in 345ms
 GET /login 200 in 284ms
 GET /api/bff/api/v1/auth/me 200 in 333ms
 GET /login 200 in 286ms
 GET /api/bff/api/v1/auth/me 200 in 326ms
 GET /login 200 in 212ms
 GET /api/bff/api/v1/auth/me 200 in 342ms
 GET /login 200 in 317ms
 GET /_next/internal/helpers.ts 404 in 233ms
 GET /api/bff/api/v1/auth/me 200 in 344ms
 GET /login 200 in 315ms
 GET /_next/internal/helpers.ts 404 in 115ms
 GET /api/bff/api/v1/auth/me 200 in 344ms
 GET /login 200 in 224ms
 GET /api/bff/api/v1/auth/me 200 in 370ms
 GET /_next/internal/helpers.ts 404 in 293ms
 GET /login 200 in 412ms
 GET /_next/internal/helpers.ts 404 in 120ms
 GET /api/bff/api/v1/auth/me 200 in 346ms
 GET /login 200 in 344ms
 GET /_next/internal/helpers.ts 404 in 108ms
 GET /api/bff/api/v1/auth/me 200 in 376ms
 GET /login 200 in 255ms
 GET /_next/internal/helpers.ts 404 in 107ms
 GET /api/bff/api/v1/auth/me 200 in 382ms
 GET /login 200 in 266ms
 GET /_next/internal/helpers.ts 404 in 189ms
 GET /api/bff/api/v1/auth/me 200 in 441ms
 GET /login 200 in 270ms
 GET /_next/internal/helpers.ts 404 in 139ms
 GET /login 200 in 279ms
 GET /api/bff/api/v1/auth/me 200 in 292ms
 GET /_next/internal/helpers.ts 404 in 180ms
 GET /api/bff/api/v1/auth/me 200 in 521ms
 GET /login 200 in 303ms
 GET /_next/internal/helpers.ts 404 in 202ms
 GET /api/bff/api/v1/auth/me 200 in 477ms
 GET /login 200 in 278ms
 GET /_next/internal/helpers.ts 404 in 248ms
 GET /api/bff/api/v1/auth/me 200 in 409ms
 GET /login 200 in 376ms
 GET /_next/internal/helpers.ts 404 in 209ms
 GET /api/bff/api/v1/auth/me 200 in 1071ms
 GET /login 200 in 339ms
 GET /_next/internal/helpers.ts 404 in 290ms
 GET /api/bff/api/v1/auth/me 200 in 410ms
 GET /login 200 in 357ms
 GET /_next/internal/helpers.ts 404 in 140ms
 GET /api/bff/api/v1/auth/me 200 in 341ms
 GET /login 200 in 362ms
 GET /_next/internal/helpers.ts 404 in 164ms
 GET /api/bff/api/v1/auth/me 200 in 363ms
 GET /login 200 in 292ms
 GET /_next/internal/helpers.ts 404 in 115ms
 GET /api/bff/api/v1/auth/me 200 in 390ms
 GET /login 200 in 330ms
 GET /_next/internal/helpers.ts 404 in 182ms
 GET /api/bff/api/v1/auth/me 200 in 426ms
 GET /login 200 in 238ms
 GET /_next/internal/helpers.ts 404 in 102ms
 GET /api/bff/api/v1/auth/me 200 in 396ms
 GET /login 200 in 295ms
 GET /_next/internal/helpers.ts 404 in 181ms
 GET /api/bff/api/v1/auth/me 200 in 451ms
 GET /login 200 in 344ms
 GET /_next/internal/helpers.ts 404 in 165ms
 GET /api/bff/api/v1/auth/me 200 in 373ms
 GET /login 200 in 300ms
 GET /_next/internal/helpers.ts 404 in 350ms
 GET /api/bff/api/v1/auth/me 200 in 370ms
 GET /login 200 in 265ms
 GET /_next/internal/helpers.ts 404 in 231ms
 GET /api/bff/api/v1/auth/me 200 in 416ms
 GET /login 200 in 375ms
 GET /_next/internal/helpers.ts 404 in 236ms
 GET /api/bff/api/v1/auth/me 200 in 409ms
 GET /login 200 in 298ms
 GET /_next/internal/helpers.ts 404 in 191ms
 GET /api/bff/api/v1/auth/me 200 in 389ms
 GET /login 200 in 325ms
 GET /_next/internal/helpers.ts 404 in 314ms
 GET /api/bff/api/v1/auth/me 200 in 346ms
 GET /login 200 in 310ms
 GET /_next/internal/helpers.ts 404 in 226ms
 GET /api/bff/api/v1/auth/me 200 in 375ms
 GET /login 200 in 285ms
 GET /_next/internal/helpers.ts 404 in 185ms
 GET /api/bff/api/v1/auth/me 200 in 385ms
 GET /login 200 in 388ms
 GET /_next/internal/helpers.ts 404 in 293ms
 GET /api/bff/api/v1/auth/me 200 in 399ms
 GET /login 200 in 220ms
 GET /_next/internal/helpers.ts 404 in 198ms
 GET /api/bff/api/v1/auth/me 200 in 433ms
 GET /login 200 in 228ms
 GET /_next/internal/helpers.ts 404 in 166ms
 GET /api/bff/api/v1/auth/me 200 in 414ms
 GET /login 200 in 386ms
 GET /_next/internal/helpers.ts 404 in 341ms
 GET /api/bff/api/v1/auth/me 200 in 399ms
 GET /login 200 in 450ms
 GET /_next/internal/helpers.ts 404 in 183ms
 GET /api/bff/api/v1/auth/me 200 in 427ms
 GET /login 200 in 487ms
 GET /_next/internal/helpers.ts 404 in 201ms
 GET /api/bff/api/v1/auth/me 200 in 445ms
 GET /login 200 in 301ms
 GET /api/bff/api/v1/auth/me 200 in 378ms
 GET /_next/internal/helpers.ts 404 in 290ms
 GET /login 200 in 478ms
 GET /_next/internal/helpers.ts 404 in 134ms
 GET /api/bff/api/v1/auth/me 200 in 392ms
 GET /login 200 in 309ms
 GET /_next/internal/helpers.ts 404 in 157ms
 GET /api/bff/api/v1/auth/me 200 in 407ms
 GET /login 200 in 314ms
 GET /_next/internal/helpers.ts 404 in 117ms
 GET /api/bff/api/v1/auth/me 200 in 404ms
 GET /login 200 in 247ms
 GET /_next/internal/helpers.ts 404 in 213ms
 GET /api/bff/api/v1/auth/me 200 in 543ms
 GET /login 200 in 316ms
 GET /_next/internal/helpers.ts 404 in 246ms
 GET /api/bff/api/v1/auth/me 200 in 478ms
 GET /login 200 in 382ms
 GET /_next/internal/helpers.ts 404 in 362ms
 GET /api/bff/api/v1/auth/me 200 in 355ms
 GET /login 200 in 379ms
 GET /_next/internal/helpers.ts 404 in 242ms
 GET /api/bff/api/v1/auth/me 200 in 413ms
 GET /login 200 in 352ms
 GET /_next/internal/helpers.ts 404 in 129ms
 GET /api/bff/api/v1/auth/me 200 in 365ms
 GET /login 200 in 480ms
 GET /_next/internal/helpers.ts 404 in 307ms
 GET /api/bff/api/v1/auth/me 200 in 332ms
 GET /login 200 in 337ms
 GET /_next/internal/helpers.ts 404 in 787ms
 GET /api/bff/api/v1/auth/me 200 in 421ms
 GET /login 200 in 377ms
 GET /api/bff/api/v1/auth/me 200 in 391ms
 GET /login 200 in 323ms
 GET /_next/internal/helpers.ts 404 in 308ms
 GET /_next/internal/helpers.ts 404 in 431ms
 GET /api/bff/api/v1/auth/me 200 in 1094ms
 GET /login 200 in 315ms
 GET /_next/internal/helpers.ts 404 in 444ms
 GET /api/bff/api/v1/auth/me 200 in 389ms
 GET /login 200 in 298ms
 GET /_next/internal/helpers.ts 404 in 263ms
 GET /api/bff/api/v1/auth/me 200 in 430ms
 GET /login 200 in 357ms
 GET /_next/internal/helpers.ts 404 in 138ms
 GET /api/bff/api/v1/auth/me 200 in 419ms
 GET /login 200 in 418ms
 GET /_next/internal/helpers.ts 404 in 189ms
 GET /api/bff/api/v1/auth/me 200 in 372ms
 GET /login 200 in 367ms
 GET /_next/internal/helpers.ts 404 in 119ms
 GET /api/bff/api/v1/auth/me 200 in 414ms
 GET /login 200 in 322ms
 GET /_next/internal/helpers.ts 404 in 175ms
 GET /api/bff/api/v1/auth/me 200 in 405ms
 GET /login 200 in 353ms
 GET /_next/internal/helpers.ts 404 in 330ms
 GET /api/bff/api/v1/auth/me 200 in 397ms
 GET /login 200 in 342ms
 GET /_next/internal/helpers.ts 404 in 335ms
 GET /api/bff/api/v1/auth/me 200 in 380ms
 GET /login 200 in 376ms
 GET /_next/internal/helpers.ts 404 in 202ms
 GET /api/bff/api/v1/auth/me 200 in 420ms
 GET /login 200 in 285ms
 GET /_next/internal/helpers.ts 404 in 308ms
 GET /api/bff/api/v1/auth/me 200 in 401ms
 GET /login 200 in 414ms
 GET /_next/internal/helpers.ts 404 in 176ms
 GET /api/bff/api/v1/auth/me 200 in 440ms
 GET /login 200 in 259ms
 GET /_next/internal/helpers.ts 404 in 406ms
 GET /api/bff/api/v1/auth/me 200 in 371ms
 GET /login 200 in 257ms
 GET /_next/internal/helpers.ts 404 in 245ms
 GET /api/bff/api/v1/auth/me 200 in 386ms
 GET /login 200 in 305ms
 GET /_next/internal/helpers.ts 404 in 159ms
 GET /api/bff/api/v1/auth/me 200 in 360ms
 GET /login 200 in 379ms
 GET /_next/internal/helpers.ts 404 in 292ms
 GET /api/bff/api/v1/auth/me 200 in 465ms
 GET /login 200 in 379ms
 GET /_next/internal/helpers.ts 404 in 229ms
 GET /api/bff/api/v1/auth/me 200 in 370ms
 GET /login 200 in 1049ms
 GET /_next/internal/helpers.ts 404 in 155ms
 GET /api/bff/api/v1/auth/me 200 in 386ms
 GET /login 200 in 266ms
 GET /_next/internal/helpers.ts 404 in 143ms
 GET /api/bff/api/v1/auth/me 200 in 382ms
 GET /login 200 in 401ms
 GET /_next/internal/helpers.ts 404 in 169ms
 GET /api/bff/api/v1/auth/me 200 in 405ms
 GET /login 200 in 254ms
 GET /_next/internal/helpers.ts 404 in 241ms
 GET /api/bff/api/v1/auth/me 200 in 378ms
 GET /login 200 in 1171ms
 GET /_next/internal/helpers.ts 404 in 141ms
 GET /api/bff/api/v1/auth/me 200 in 452ms
 GET /login 200 in 316ms
 GET /api/bff/api/v1/auth/me 200 in 394ms
 GET /_next/internal/helpers.ts 404 in 260ms
 GET /login 200 in 390ms
 GET /_next/internal/helpers.ts 404 in 235ms
 GET /api/bff/api/v1/auth/me 200 in 381ms
 GET /login 200 in 288ms
 GET /_next/internal/helpers.ts 404 in 278ms
 GET /api/bff/api/v1/auth/me 200 in 363ms
 GET /login 200 in 302ms
 GET /_next/internal/helpers.ts 404 in 115ms
 GET /api/bff/api/v1/auth/me 200 in 384ms
 GET /login 200 in 371ms
 GET /_next/internal/helpers.ts 404 in 158ms
 GET /api/bff/api/v1/auth/me 200 in 409ms
 GET /login 200 in 309ms
 GET /_next/internal/helpers.ts 404 in 481ms
 GET /api/bff/api/v1/auth/me 200 in 402ms
 GET /login 200 in 294ms
 GET /api/bff/api/v1/auth/me 200 in 420ms
 GET /login 200 in 390ms
 GET /_next/internal/helpers.ts 404 in 338ms
 GET /_next/internal/helpers.ts 404 in 117ms
 GET /api/bff/api/v1/auth/me 200 in 415ms
 GET /login 200 in 308ms
 GET /_next/internal/helpers.ts 404 in 405ms
 GET /login 200 in 440ms
 GET /login 200 in 504ms
 GET /_next/internal/helpers.ts 404 in 284ms
 GET /favicon.ico?favicon.0b3bf435.ico 200 in 378ms
 GET /api/bff/api/v1/auth/me 200 in 448ms
 GET /login 200 in 225ms
 GET /_next/internal/helpers.ts 404 in 210ms
 GET /api/bff/api/v1/auth/me 200 in 351ms
 GET /login 200 in 379ms
 GET /_next/internal/helpers.ts 404 in 160ms
 GET /api/bff/api/v1/auth/me 200 in 1086ms
 GET /login 200 in 369ms
 GET /_next/internal/helpers.ts 404 in 279ms
 GET /api/bff/api/v1/auth/me 200 in 449ms
 GET /login 200 in 434ms
 GET /_next/internal/helpers.ts 404 in 165ms
 GET /api/bff/api/v1/auth/me 200 in 396ms
 GET /login 200 in 357ms
 GET /_next/internal/helpers.ts 404 in 547ms
 GET /api/bff/api/v1/auth/me 200 in 360ms
 GET /login 200 in 310ms
 GET /_next/internal/helpers.ts 404 in 283ms
 GET /api/bff/api/v1/auth/me 200 in 410ms
 GET /login 200 in 282ms
 GET /_next/internal/helpers.ts 404 in 108ms
 GET /api/bff/api/v1/auth/me 200 in 346ms
 GET /login 200 in 349ms
 GET /_next/internal/helpers.ts 404 in 269ms
 GET /api/bff/api/v1/auth/me 200 in 422ms
 GET /login 200 in 315ms
 GET /_next/internal/helpers.ts 404 in 128ms
 GET /api/bff/api/v1/auth/me 200 in 389ms
 GET /login 200 in 376ms
 GET /_next/internal/helpers.ts 404 in 351ms
 GET /api/bff/api/v1/auth/me 200 in 426ms
 GET /login 200 in 346ms
 GET /api/bff/api/v1/auth/me 200 in 373ms
 GET /_next/internal/helpers.ts 404 in 399ms
 GET /login 200 in 468ms
 GET /_next/internal/helpers.ts 404 in 328ms
 GET /api/bff/api/v1/auth/me 200 in 444ms
 GET /login 200 in 354ms
 GET /_next/internal/helpers.ts 404 in 387ms
 GET /api/bff/api/v1/auth/me 200 in 438ms
 GET /login 200 in 420ms
 GET /_next/internal/helpers.ts 404 in 148ms
 GET /api/bff/api/v1/auth/me 200 in 364ms
 GET /login 200 in 301ms
 GET /_next/internal/helpers.ts 404 in 255ms
 GET /api/bff/api/v1/auth/me 200 in 392ms
 GET /login 200 in 414ms
 GET /_next/internal/helpers.ts 404 in 236ms
 GET /api/bff/api/v1/auth/me 200 in 421ms
 GET /login 200 in 284ms
 GET /_next/internal/helpers.ts 404 in 149ms
 GET /api/bff/api/v1/auth/me 200 in 378ms
 GET /login 200 in 312ms
 GET /_next/internal/helpers.ts 404 in 156ms
 GET /api/bff/api/v1/auth/me 200 in 394ms
 GET /login 200 in 242ms
 GET /_next/internal/helpers.ts 404 in 146ms
 GET /api/bff/api/v1/auth/me 200 in 387ms
 GET /login 200 in 308ms
 GET /_next/internal/helpers.ts 404 in 270ms
 GET /api/bff/api/v1/auth/me 200 in 438ms
 GET /login 200 in 345ms
 GET /_next/internal/helpers.ts 404 in 293ms
 GET /api/bff/api/v1/auth/me 200 in 378ms
 GET /login 200 in 302ms
 GET /_next/internal/helpers.ts 404 in 125ms
 GET /api/bff/api/v1/auth/me 200 in 399ms
 GET /login 200 in 295ms
 GET /_next/internal/helpers.ts 404 in 144ms
 GET /api/bff/api/v1/auth/me 200 in 420ms
 GET /login 200 in 324ms
 GET /_next/internal/helpers.ts 404 in 123ms
 GET /api/bff/api/v1/auth/me 200 in 381ms
 GET /login 200 in 335ms
 GET /_next/internal/helpers.ts 404 in 203ms
 GET /api/bff/api/v1/auth/me 200 in 401ms
 GET /login 200 in 306ms
 GET /_next/internal/helpers.ts 404 in 295ms
 GET /api/bff/api/v1/auth/me 200 in 398ms
 GET /login 200 in 249ms
 GET /_next/internal/helpers.ts 404 in 164ms
 GET /api/bff/api/v1/auth/me 200 in 386ms
 GET /login 200 in 376ms
 GET /_next/internal/helpers.ts 404 in 301ms
 GET /api/bff/api/v1/auth/me 200 in 385ms
 GET /login 200 in 427ms
 GET /_next/internal/helpers.ts 404 in 162ms
 GET /api/bff/api/v1/auth/me 200 in 383ms
 GET /login 200 in 346ms
 GET /_next/internal/helpers.ts 404 in 534ms
 GET /api/bff/api/v1/auth/me 200 in 438ms
 GET /login 200 in 260ms
 GET /_next/internal/helpers.ts 404 in 147ms
 GET /api/bff/api/v1/auth/me 200 in 366ms
 GET /login 200 in 326ms
 GET /_next/internal/helpers.ts 404 in 212ms
 GET /api/bff/api/v1/auth/me 200 in 354ms
 GET /login 200 in 236ms
 GET /_next/internal/helpers.ts 404 in 122ms
 GET /api/bff/api/v1/auth/me 200 in 394ms
 GET /login 200 in 296ms
 GET /_next/internal/helpers.ts 404 in 184ms
 GET /api/bff/api/v1/auth/me 200 in 516ms
 GET /login 200 in 295ms
 GET /_next/internal/helpers.ts 404 in 95ms
 GET /api/bff/api/v1/auth/me 200 in 390ms
 GET /login 200 in 300ms
 GET /_next/internal/helpers.ts 404 in 214ms
 GET /api/bff/api/v1/auth/me 200 in 367ms
 GET /login 200 in 285ms
 GET /_next/internal/helpers.ts 404 in 939ms
 GET /api/bff/api/v1/auth/me 200 in 1142ms
 GET /login 200 in 239ms
 GET /_next/internal/helpers.ts 404 in 147ms
 GET /api/bff/api/v1/auth/me 200 in 366ms
 GET /login 200 in 327ms
 GET /_next/internal/helpers.ts 404 in 327ms
 GET /api/bff/api/v1/auth/me 200 in 394ms
 GET /login 200 in 352ms
 GET /_next/internal/helpers.ts 404 in 211ms
 GET /api/bff/api/v1/auth/me 200 in 345ms
 GET /login 200 in 332ms
 GET /_next/internal/helpers.ts 404 in 380ms
 GET /api/bff/api/v1/auth/me 200 in 368ms
 GET /login 200 in 606ms
 GET /_next/internal/helpers.ts 404 in 178ms
 GET /api/bff/api/v1/auth/me 200 in 425ms
 GET /login 200 in 315ms
 GET /_next/internal/helpers.ts 404 in 100ms
 GET /api/bff/api/v1/auth/me 200 in 399ms
 GET /login 200 in 395ms
 ✓ Compiled middleware in 10ms
 ✓ Compiled in 177ms
 GET /_next/internal/helpers.ts 404 in 163ms
 GET /api/bff/api/v1/auth/me 200 in 387ms
 ○ Compiling / ...
 ✓ Compiled / in 1085ms
 GET / 200 in 1290ms
 GET /_next/internal/helpers.ts 404 in 103ms
 GET /api/bff/api/v1/auth/me 200 in 380ms
 GET / 200 in 128ms
 GET /_next/internal/helpers.ts 404 in 175ms
 GET /api/bff/api/v1/auth/me 200 in 407ms
 ○ Compiling /dashboard ...
 ✓ Compiled /dashboard in 1409ms
 GET /dashboard 200 in 1685ms
 GET /_next/internal/helpers.ts 404 in 145ms
 GET / 200 in 111ms
 GET /_next/internal/helpers.ts 404 in 236ms
 GET /api/bff/api/v1/auth/me 200 in 398ms
 ✓ Compiled middleware in 3ms
 ✓ Compiled in 164ms
 GET /dashboard 200 in 207ms
 GET /_next/internal/helpers.ts 404 in 239ms
 GET /dashboard 200 in 156ms
 GET /_next/internal/helpers.ts 404 in 151ms
 GET /favicon.ico?favicon.0b3bf435.ico 200 in 299ms
 ✓ Compiled in 166ms
 GET /dashboard 200 in 186ms
 GET /dashboard 200 in 80ms
 GET /dashboard 200 in 76ms
 ✓ Compiled in 259ms
 ✓ Compiled in 148ms
 ✓ Compiled in 175ms
 ✓ Compiled in 123ms
 ✓ Compiled in 156ms
 ✓ Compiled in 152ms
 ✓ Compiled in 164ms
 ✓ Compiled in 129ms
 ✓ Compiled in 168ms
 GET /dashboard 200 in 1840ms
 GET /_next/internal/helpers.ts 404 in 307ms
 GET /favicon.ico?favicon.0b3bf435.ico 200 in 306ms
 GET /index.htm 404 in 144ms
 ✓ Compiled in 175ms
 GET /dashboard 200 in 881ms
 GET /_next/internal/helpers.ts 404 in 294ms
 GET /favicon.ico?favicon.0b3bf435.ico 200 in 266ms
 ✓ Compiled in 166ms
 GET /dashboard 200 in 803ms
 GET /_next/internal/helpers.ts 404 in 305ms
 GET /dashboard 200 in 423ms
 GET /_next/internal/helpers.ts 404 in 305ms
 GET /favicon.ico?favicon.0b3bf435.ico 200 in 284ms
 GET /dashboard 200 in 238ms
 GET /_next/internal/helpers.ts 404 in 262ms
 GET /dashboard 200 in 202ms
 GET /_next/internal/helpers.ts 404 in 281ms
 GET /favicon.ico?favicon.0b3bf435.ico 200 in 291ms
 ✓ Compiled in 160ms
 GET /dashboard 200 in 793ms
 GET /_next/internal/helpers.ts 404 in 504ms
 GET /favicon.ico?favicon.0b3bf435.ico 200 in 286ms
 ✓ Compiled in 163ms
 GET /dashboard 200 in 915ms
 GET /_next/internal/helpers.ts 404 in 355ms
 GET /favicon.ico?favicon.0b3bf435.ico 200 in 262ms
 ✓ Compiled in 180ms
 GET /dashboard 200 in 961ms
 GET /_next/internal/helpers.ts 404 in 239ms
 GET /favicon.ico?favicon.0b3bf435.ico 200 in 263ms
 ✓ Compiled in 145ms
 GET /dashboard 200 in 731ms
 GET /_next/internal/helpers.ts 404 in 190ms
 GET /favicon.ico?favicon.0b3bf435.ico 200 in 276ms
 ✓ Compiled in 178ms
 GET /dashboard 200 in 855ms
 GET /_next/internal/helpers.ts 404 in 302ms
 GET /favicon.ico?favicon.0b3bf435.ico 200 in 298ms
 ✓ Compiled in 236ms
 ✓ Compiled in 186ms
 GET /dashboard 200 in 201ms
 GET /dashboard 200 in 88ms
 ✓ Compiled in 176ms
 ✓ Compiled in 148ms
 ✓ Compiled in 170ms
 ✓ Compiled in 167ms
 GET /dashboard 200 in 1085ms
 GET /_next/internal/helpers.ts 404 in 324ms
 GET /favicon.ico?favicon.0b3bf435.ico 200 in 289ms
 ✓ Compiled in 112ms
 ✓ Compiled in 171ms
 ✓ Compiled in 174ms
 ✓ Compiled in 166ms
 ✓ Compiled in 174ms
 GET /dashboard 200 in 1205ms
 GET /_next/internal/helpers.ts 404 in 401ms
 GET /favicon.ico?favicon.0b3bf435.ico 200 in 284ms
 GET /dashboard 200 in 185ms
 GET /_next/internal/helpers.ts 404 in 192ms
 GET /favicon.ico?favicon.0b3bf435.ico 200 in 279ms
 ✓ Compiled in 177ms
 ✓ Compiled in 170ms
 GET /dashboard 200 in 221ms
 GET /dashboard 200 in 84ms
 GET /dashboard 200 in 720ms
 GET /_next/internal/helpers.ts 404 in 410ms
 GET /favicon.ico?favicon.0b3bf435.ico 200 in 253ms
 ✓ Compiled in 114ms
 GET /dashboard 200 in 1419ms
 GET /_next/internal/helpers.ts 404 in 300ms
 GET /favicon.ico?favicon.0b3bf435.ico 200 in 270ms
 ✓ Compiled in 141ms
 ✓ Compiled in 163ms
 GET /dashboard 200 in 200ms
 GET /dashboard 200 in 75ms
 GET /dashboard 200 in 81ms
 GET /dashboard 200 in 76ms
 GET /dashboard 200 in 92ms
 ✓ Compiled in 160ms
 GET /dashboard 200 in 886ms
 GET /_next/internal/helpers.ts 404 in 195ms
 GET /favicon.ico?favicon.0b3bf435.ico 200 in 263ms
 ✓ Compiled in 172ms
 ✓ Compiled in 169ms
 GET /dashboard 200 in 702ms
 GET /_next/internal/helpers.ts 404 in 694ms
 GET /favicon.ico?favicon.0b3bf435.ico 200 in 281ms
 ✓ Compiled in 142ms
 ✓ Compiled in 167ms
 GET /login 200 in 688ms
 GET /_next/internal/helpers.ts 404 in 292ms
 GET /favicon.ico?favicon.0b3bf435.ico 200 in 317ms
 GET /api/bff/api/v1/auth/me 401 in 467ms
 POST /api/bff/api/v1/auth/refresh 200 in 326ms
 GET /api/bff/api/v1/auth/me 200 in 281ms
 GET /dashboard 200 in 1006ms
 GET /_next/internal/helpers.ts 404 in 152ms
 ✓ Compiled in 109ms
 GET /dashboard 200 in 1572ms
 GET /_next/internal/helpers.ts 404 in 480ms
 GET /favicon.ico?favicon.0b3bf435.ico 200 in 262ms
 GET /dashboard 200 in 164ms
 GET /_next/internal/helpers.ts 404 in 265ms
 GET /favicon.ico?favicon.0b3bf435.ico 200 in 280ms
 ✓ Compiled in 183ms
 ✓ Compiled in 164ms
 GET /dashboard 200 in 891ms
 GET /_next/internal/helpers.ts 404 in 223ms
 GET /favicon.ico?favicon.0b3bf435.ico 200 in 259ms
 ✓ Compiled in 179ms
 ✓ Compiled in 147ms
 ✓ Compiled in 164ms
 ✓ Compiled in 160ms
 ✓ Compiled in 176ms
 ✓ Compiled in 165ms
 ✓ Compiled in 169ms
 ✓ Compiled in 166ms
 ✓ Compiled in 200ms
 GET /dashboard 200 in 1089ms
 GET /_next/internal/helpers.ts 404 in 233ms
 GET /favicon.ico?favicon.0b3bf435.ico 200 in 271ms
 ✓ Compiled in 151ms
 ✓ Compiled in 161ms
 GET /dashboard 200 in 986ms
 GET /_next/internal/helpers.ts 404 in 466ms
 GET /favicon.ico?favicon.0b3bf435.ico 200 in 268ms
 ✓ Compiled in 153ms
 ✓ Compiled in 148ms
 GET /dashboard 500 in 1167ms
 GET /_next/internal/helpers.ts 404 in 322ms
 GET /favicon.ico?favicon.0b3bf435.ico 200 in 468ms
 GET /favicon.ico 200 in 350ms
 ✓ Compiled in 170ms
 GET /dashboard 500 in 1173ms
 GET /_next/internal/helpers.ts 404 in 370ms
 GET /favicon.ico?favicon.0b3bf435.ico 200 in 508ms
 GET /favicon.ico 200 in 491ms
 ✓ Compiled in 102ms
 GET /dashboard 500 in 1295ms
 GET /_next/internal/helpers.ts 404 in 163ms
 GET /favicon.ico?favicon.0b3bf435.ico 200 in 386ms
 GET /favicon.ico 200 in 390ms
 ✓ Compiled in 96ms
 GET /dashboard 500 in 1316ms
 GET /_next/internal/helpers.ts 404 in 249ms
 GET /favicon.ico?favicon.0b3bf435.ico 200 in 903ms
 GET /favicon.ico 200 in 847ms
 ✓ Compiled in 185ms
 GET /dashboard 500 in 1311ms
 GET /_next/internal/helpers.ts 404 in 257ms
 GET /favicon.ico?favicon.0b3bf435.ico 200 in 367ms
 GET /favicon.ico 200 in 366ms
 ✓ Compiled in 156ms
 GET /dashboard 200 in 1816ms
 GET /_next/internal/helpers.ts 404 in 234ms
 GET /favicon.ico?favicon.0b3bf435.ico 200 in 266ms
 ✓ Compiled in 233ms
 ✓ Compiled in 155ms
 ✓ Compiled in 628ms
 ✓ Compiled in 266ms
 GET /login 200 in 515ms
 GET /_next/internal/helpers.ts 404 in 263ms
 GET /favicon.ico?favicon.0b3bf435.ico 500 in 91ms
 ○ Compiling /_error ...
 ✓ Compiled /_error in 2.4s
 GET /api/bff/api/v1/auth/me 500 in 2862ms
 GET /api/bff/api/v1/auth/me 500 in 79ms
 GET /api/bff/api/v1/auth/me 500 in 108ms
 GET /api/bff/api/v1/auth/me 500 in 86ms
 GET /api/bff/api/v1/auth/me 500 in 82ms
 GET /api/bff/api/v1/auth/me 500 in 82ms
 GET /api/bff/api/v1/auth/me 500 in 83ms
 GET /login 200 in 106ms
 GET /_next/internal/helpers.ts 404 in 139ms
 GET /favicon.ico?favicon.0b3bf435.ico 500 in 109ms
 GET /api/bff/api/v1/auth/me 500 in 155ms
 GET /api/bff/api/v1/auth/me 500 in 83ms
 GET /api/bff/api/v1/auth/me 500 in 78ms
 GET /api/bff/api/v1/auth/me 500 in 99ms
 GET /login 200 in 164ms
 GET /_next/internal/helpers.ts 404 in 100ms
 GET /favicon.ico?favicon.0b3bf435.ico 500 in 80ms
 GET /api/bff/api/v1/auth/me 500 in 136ms
 GET /login 200 in 146ms
 GET /_next/internal/helpers.ts 404 in 1477ms
 GET /favicon.ico?favicon.0b3bf435.ico 500 in 553ms
 GET /api/bff/api/v1/auth/me 500 in 301ms
 GET /api/bff/api/v1/auth/me 500 in 90ms
 GET /api/bff/api/v1/auth/me 500 in 73ms
 GET /api/bff/api/v1/auth/me 500 in 88ms
 GET /api/bff/api/v1/auth/me 500 in 70ms
 GET /api/bff/api/v1/auth/me 500 in 76ms
 ✓ Compiled in 206ms
 GET /login 404 in 74ms
 GET /login 200 in 238ms
 GET /_next/internal/helpers.ts 404 in 109ms
 GET /favicon.ico?favicon.0b3bf435.ico 200 in 330ms
 GET /api/bff/api/v1/auth/me 401 in 505ms
 POST /api/bff/api/v1/auth/refresh 200 in 283ms
 GET /api/bff/api/v1/auth/me 200 in 285ms
 ✓ Compiled /dashboard in 156ms
 GET /dashboard 200 in 2751ms
 GET /_next/internal/helpers.ts 404 in 284ms
 ✓ Compiled in 165ms
 ✓ Compiled in 155ms
 GET /dashboard 500 in 1290ms
 GET /_next/internal/helpers.ts 404 in 109ms
 GET /favicon.ico?favicon.0b3bf435.ico 200 in 428ms
 GET /favicon.ico 200 in 432ms
 ✓ Compiled in 144ms
 GET /dashboard 200 in 982ms
 GET /_next/internal/helpers.ts 404 in 206ms
 GET /favicon.ico?favicon.0b3bf435.ico 200 in 273ms
 ✓ Compiled in 148ms
 GET /dashboard 200 in 168ms
 GET /dashboard 200 in 874ms
 GET /_next/internal/helpers.ts 404 in 268ms
 GET /favicon.ico?favicon.0b3bf435.ico 200 in 281ms
 ✓ Compiled in 147ms
 ✓ Compiled in 157ms
 ✓ Compiled in 152ms
 ✓ Compiled in 154ms
 ✓ Compiled in 147ms
 ✓ Compiled in 152ms
 ✓ Compiled in 147ms
 GET /dashboard 200 in 754ms
 GET /_next/internal/helpers.ts 404 in 161ms
 GET /favicon.ico?favicon.0b3bf435.ico 200 in 268ms
 ✓ Compiled in 155ms
 ✓ Compiled in 148ms
 GET /dashboard 500 in 900ms
 GET /_next/internal/helpers.ts 404 in 156ms
 GET /favicon.ico?favicon.0b3bf435.ico 200 in 305ms
 GET /favicon.ico 200 in 295ms
 ✓ Compiled in 171ms
 GET /dashboard 200 in 1033ms
 GET /_next/internal/helpers.ts 404 in 211ms
 GET /favicon.ico?favicon.0b3bf435.ico 200 in 253ms
 ✓ Compiled in 164ms
 ✓ Compiled in 150ms
 ✓ Compiled in 164ms
 ✓ Compiled in 151ms
 GET /dispatch.asp 404 in 93ms
 GET /api/v1/users/search 404 in 81ms
 GET /login 200 in 128ms
 GET /login 200 in 99ms
 GET /_next/internal/helpers.ts 404 in 153ms
 GET /favicon.ico?favicon.0b3bf435.ico 200 in 252ms
 GET /api/bff/api/v1/auth/me 401 in 378ms
 POST /api/bff/api/v1/auth/refresh 200 in 278ms
 GET /api/bff/api/v1/auth/me 200 in 252ms
 GET /dashboard 200 in 1176ms
 GET /_next/internal/helpers.ts 404 in 351ms
 ✓ Compiled in 174ms
 GET /dashboard 200 in 856ms
 GET /favicon.ico?favicon.0b3bf435.ico 200 in 252ms
 GET /_next/internal/helpers.ts 404 in 89ms
 GET /robots.txt 404 in 109ms
 GET /login 200 in 123ms
 ✓ Compiled in 161ms
 ✓ Compiled in 337ms
 GET /dashboard 200 in 1244ms
 GET /_next/internal/helpers.ts 404 in 527ms
 GET /favicon.ico?favicon.0b3bf435.ico 200 in 264ms
 ✓ Compiled in 178ms
 GET /index.htm 404 in 448ms
 GET /login 200 in 440ms
 GET /_next/internal/helpers.ts 404 in 302ms
 GET /favicon.ico?favicon.0b3bf435.ico 200 in 369ms
 GET /api/bff/api/v1/auth/me 401 in 499ms
 POST /api/bff/api/v1/auth/refresh 200 in 342ms
 GET /api/bff/api/v1/auth/me 200 in 280ms
 GET /dashboard 200 in 2943ms
 GET /_next/internal/helpers.ts 404 in 1578ms
 ✓ Compiled in 265ms
 GET /dashboard 200 in 937ms
 GET /_next/internal/helpers.ts 404 in 262ms
 GET /favicon.ico?favicon.0b3bf435.ico 200 in 291ms
 GET /dashboard 200 in 208ms
 GET /_next/internal/helpers.ts 404 in 387ms
 GET /favicon.ico?favicon.0b3bf435.ico 200 in 260ms
 ✓ Compiled in 205ms
 ✓ Compiled in 189ms
 ✓ Compiled in 186ms
 ✓ Compiled in 96ms
 ✓ Compiled in 168ms
 ✓ Compiled in 175ms
 ✓ Compiled in 176ms
 ✓ Compiled in 119ms
 ✓ Compiled in 162ms
 GET /dashboard 200 in 1231ms
 GET /_next/internal/helpers.ts 404 in 223ms
 GET /favicon.ico?favicon.0b3bf435.ico 200 in 267ms
 ✓ Compiled in 163ms
 ✓ Compiled in 165ms
 ✓ Compiled in 163ms
 ✓ Compiled in 164ms
 ✓ Compiled in 171ms
 ✓ Compiled in 167ms
 ✓ Compiled in 170ms
 ✓ Compiled in 161ms
 ✓ Compiled in 139ms
 ✓ Compiled in 183ms
 ✓ Compiled in 166ms
 ✓ Compiled in 167ms
 ✓ Compiled in 164ms
 ✓ Compiled in 167ms
 ✓ Compiled in 145ms
 ✓ Compiled in 176ms
 ✓ Compiled in 181ms
 ✓ Compiled in 828ms
 GET /dashboard 200 in 1918ms
 GET /_next/internal/helpers.ts 404 in 790ms
 GET /favicon.ico?favicon.0b3bf435.ico 200 in 311ms
 POST /api/bff/api/v1/auth/logout 204 in 368ms
 GET /login 200 in 274ms
 GET /api/bff/api/v1/auth/me 401 in 310ms
 POST /api/bff/api/v1/auth/refresh 401 in 347ms
 GET /api/bff/api/v1/auth/me 401 in 331ms
 POST /api/bff/api/v1/auth/refresh 401 in 320ms
 GET /api/bff/api/v1/auth/me 401 in 335ms
 POST /api/bff/api/v1/auth/refresh 200 in 298ms
 GET /login 200 in 434ms
 GET /_next/internal/helpers.ts 404 in 206ms
 GET /favicon.ico?favicon.0b3bf435.ico 200 in 302ms
 GET /api/bff/api/v1/auth/me 401 in 366ms
 POST /api/bff/api/v1/auth/refresh 401 in 288ms
 GET /api/bff/api/v1/auth/me 401 in 334ms
 POST /api/bff/api/v1/auth/refresh 401 in 269ms
 GET /api/bff/api/v1/auth/me 401 in 330ms
 POST /api/bff/api/v1/auth/refresh 401 in 284ms
 POST /api/bff/api/v1/auth/login 200 in 894ms
 GET /api/bff/api/v1/auth/me 200 in 340ms
 GET /dashboard 200 in 372ms
 GET /_next/internal/helpers.ts 404 in 312ms
 GET /dashboard 200 in 83ms
 GET /dashboard 200 in 87ms
 ✓ Compiled in 125ms
 ✓ Compiled in 173ms
 GET /dashboard 200 in 169ms
 GET /dashboard 200 in 81ms
 ✓ Compiled in 163ms
 ✓ Compiled middleware in 2ms
 GET /dashboard 200 in 212ms
 GET /dashboard 200 in 211ms
 POST /api/bff/api/v1/auth/logout 204 in 422ms
 GET /login 200 in 353ms
 GET /api/bff/api/v1/auth/me 401 in 373ms
 POST /api/bff/api/v1/auth/refresh 401 in 267ms
 GET /api/bff/api/v1/auth/me 401 in 416ms
 POST /api/bff/api/v1/auth/refresh 401 in 568ms
 ✓ Compiled in 231ms
 GET /api/bff/api/v1/auth/me 401 in 352ms
 POST /api/bff/api/v1/auth/refresh 401 in 280ms
 ✓ Compiled in 130ms
 GET /api/bff/api/v1/auth/me 401 in 338ms
 POST /api/bff/api/v1/auth/refresh 401 in 291ms
 GET /api/bff/api/v1/auth/me 401 in 334ms
 POST /api/bff/api/v1/auth/refresh 401 in 284ms
 GET /api/bff/api/v1/auth/me 401 in 350ms
 POST /api/bff/api/v1/auth/refresh 401 in 306ms
 GET /api/bff/api/v1/auth/me 401 in 325ms
 POST /api/bff/api/v1/auth/refresh 401 in 269ms
 POST /api/bff/api/v1/auth/login 200 in 775ms
 GET /api/bff/api/v1/auth/me 200 in 339ms
 GET /dashboard 200 in 1004ms
 GET /_next/internal/helpers.ts 404 in 852ms
 ✓ Compiled in 108ms
 ✓ Compiled /dashboard in 59ms
 GET /dashboard 200 in 374ms
 ✓ Compiled /dashboard in 45ms
 GET /dashboard 200 in 367ms
 ✓ Compiled in 212ms
 GET /api/bff/api/v1/dashboard/stats 200 in 816ms
 GET /api/bff/api/v1/dashboard/list 200 in 820ms
 ✓ Compiled in 171ms
 ✓ Compiled /dashboard in 39ms
 GET /dashboard 200 in 271ms
 ✓ Compiled in 167ms
 ✓ Compiled in 120ms
 ✓ Compiled in 120ms
 ✓ Compiled /dashboard in 60ms
 GET /dashboard 200 in 412ms
 ✓ Compiled in 183ms
 ✓ Compiled /dashboard in 35ms
 GET /dashboard 200 in 281ms
 ✓ Compiled in 132ms
 ✓ Compiled in 179ms
 ✓ Compiled in 174ms
 ✓ Compiled in 129ms
 ✓ Compiled /dashboard in 64ms
 GET /dashboard 200 in 543ms
 ✓ Compiled in 119ms
 GET /dashboard 200 in 1034ms
 GET /_next/internal/helpers.ts 404 in 208ms
 GET /favicon.ico?favicon.0b3bf435.ico 200 in 438ms
 GET /api/bff/api/v1/dashboard/stats 200 in 711ms
 GET /api/bff/api/v1/dashboard/list 200 in 704ms
 GET /dashboard 200 in 255ms
 GET /favicon.ico 200 in 1049ms
 GET /dashboard 200 in 268ms
 ELIFECYCLE  Command failed.
 GET /dashboard 200 in 247ms
 GET /_next/internal/helpers.ts 404 in 127ms
 GET /favicon.ico?favicon.0b3bf435.ico 200 in 283ms
 GET /api/bff/api/v1/dashboard/list 200 in 840ms
 GET /api/bff/api/v1/dashboard/stats 200 in 854ms
 GET /dashboard 200 in 258ms
 GET /_next/internal/helpers.ts 404 in 134ms
 GET /favicon.ico?favicon.0b3bf435.ico 200 in 284ms
 GET /api/bff/api/v1/dashboard/list 200 in 1024ms
 GET /api/bff/api/v1/dashboard/stats 200 in 1028ms
 ✓ Compiled in 102ms
[?25h
